<?xml version="1.0" encoding="UTF-8"?>
<testng-results skipped="0" failed="0" ignored="0" total="2" passed="2">
  <reporter-output>
  </reporter-output>
  <suite name="Default suite" duration-ms="7844" started-at="2022-12-18T14:59:01 IST" finished-at="2022-12-18T14:59:08 IST">
    <groups>
    </groups>
    <test name="Default test" duration-ms="7844" started-at="2022-12-18T14:59:01 IST" finished-at="2022-12-18T14:59:08 IST">
      <class name="files.Sec07DynamicJson">
        <test-method status="PASS" signature="addBook(java.lang.String,java.lang.String)[pri:0, instance:files.Sec07DynamicJson@10dba097]" name="addBook" duration-ms="7244" started-at="2022-12-18T14:59:01 IST" data-provider="Bookdata" finished-at="2022-12-18T14:59:08 IST">
          <params>
            <param index="0">
              <value>
                <![CDATA[abd]]>
              </value>
            </param>
            <param index="1">
              <value>
                <![CDATA[127]]>
              </value>
            </param>
          </params>
          <reporter-output>
          </reporter-output>
        </test-method> <!-- addBook -->
        <test-method status="PASS" signature="addBook(java.lang.String,java.lang.String)[pri:0, instance:files.Sec07DynamicJson@10dba097]" name="addBook" duration-ms="468" started-at="2022-12-18T14:59:08 IST" data-provider="Bookdata" finished-at="2022-12-18T14:59:08 IST">
          <params>
            <param index="0">
              <value>
                <![CDATA[dex]]>
              </value>
            </param>
            <param index="1">
              <value>
                <![CDATA[456]]>
              </value>
            </param>
          </params>
          <reporter-output>
          </reporter-output>
        </test-method> <!-- addBook -->
      </class> <!-- files.Sec07DynamicJson -->
    </test> <!-- Default test -->
  </suite> <!-- Default suite -->
</testng-results>
